<?xml version="1.0" encoding="UTF-8"?>
<!-- Generated by org.testng.reporters.JUnitReportReporter -->
<testsuite hostname="PTD11343" name="scripts.LibraryModule" tests="1" failures="0" timestamp="22 Jul 2016 12:05:51 GMT" time="663.414" errors="0">
  <testcase name="testLibrary" time="663.414" classname="scripts.LibraryModule"/>
</testsuite> <!-- scripts.LibraryModule -->
