<?xml version="1.0" encoding="UTF-8"?>
<!-- Generated by org.testng.reporters.JUnitReportReporter -->
<testsuite hostname="PTD11343" name="scripts.OrgAdminJobsTest" tests="1" failures="0" timestamp="26 Jul 2016 04:59:45 GMT" time="108.066" errors="0">
  <testcase name="createLibrary" time="108.066" classname="scripts.OrgAdminJobsTest"/>
</testsuite> <!-- scripts.OrgAdminJobsTest -->
