<?xml version="1.0" encoding="UTF-8"?>
<!-- Generated by org.testng.reporters.JUnitReportReporter -->
<testsuite hostname="PTD11343" name="scripts.NewProgramGenerator" tests="1" failures="0" timestamp="3 Aug 2016 06:37:44 GMT" time="135.348" errors="0">
  <testcase name="tasks" time="135.348" classname="scripts.NewProgramGenerator"/>
</testsuite> <!-- scripts.NewProgramGenerator -->
