<?xml version="1.0" encoding="UTF-8"?>
<!-- Generated by org.testng.reporters.JUnitReportReporter -->
<testsuite hostname="PTD11343" name="scripts.GrantProvisionalAdmission" tests="1" failures="0" timestamp="15 Jul 2016 09:25:33 GMT" time="147.189" errors="0">
  <testcase name="grantProvisionalAdmission" time="147.189" classname="scripts.GrantProvisionalAdmission"/>
</testsuite> <!-- scripts.GrantProvisionalAdmission -->
