<?xml version="1.0" encoding="UTF-8"?>
<!-- Generated by org.testng.reporters.JUnitReportReporter -->
<testsuite hostname="PTD11343" name="scripts.GoogleSignIn" tests="1" failures="0" timestamp="17 Jun 2016 12:48:10 GMT" time="2.089" errors="0">
  <testcase name="signIn" time="2.089" classname="scripts.GoogleSignIn"/>
</testsuite> <!-- scripts.GoogleSignIn -->
