<?xml version="1.0" encoding="UTF-8"?>
<!-- Generated by org.testng.reporters.JUnitReportReporter -->
<testsuite hostname="PTD11343" name="scripts.AcceptAndSetleFees" tests="1" failures="0" timestamp="25 Aug 2016 14:20:24 GMT" time="2223.799" errors="0">
  <testcase name="gotoBankChallanTransactionReport" time="2223.799" classname="scripts.AcceptAndSetleFees"/>
</testsuite> <!-- scripts.AcceptAndSetleFees -->
