<?xml version="1.0" encoding="UTF-8"?>
<!-- Generated by org.testng.reporters.JUnitReportReporter -->
<testsuite hostname="PTD11343" name="scripts.Registration" tests="2" failures="0" timestamp="25 Aug 2016 12:47:29 GMT" time="38.179" errors="0">
  <testcase name="login" time="20.375" classname="scripts.Registration"/>
  <testcase name="login" time="17.804" classname="scripts.Registration"/>
</testsuite> <!-- scripts.Registration -->
