<?xml version="1.0" encoding="UTF-8"?>
<!-- Generated by org.testng.reporters.JUnitReportReporter -->
<testsuite hostname="PTD11343" name="scripts.LibraryModule" tests="1" failures="0" timestamp="20 Jul 2016 09:42:33 GMT" time="280.402" errors="0">
  <testcase name="testLibrary" time="280.402" classname="scripts.LibraryModule"/>
</testsuite> <!-- scripts.LibraryModule -->
