<?xml version="1.0" encoding="UTF-8"?>
<!-- Generated by org.testng.reporters.JUnitReportReporter -->
<testsuite hostname="PTD11343" name="scripts.NewProgramGenerator" tests="1" failures="0" timestamp="27 Jul 2016 13:25:02 GMT" time="75.739" errors="0">
  <testcase name="createNewProgram" time="75.739" classname="scripts.NewProgramGenerator"/>
</testsuite> <!-- scripts.NewProgramGenerator -->
