<?xml version="1.0" encoding="UTF-8"?>
<!-- Generated by org.testng.reporters.JUnitReportReporter -->
<testsuite hostname="PTD11343" name="scripts.TestApplicationApproval" tests="1" failures="0" timestamp="24 Jun 2016 09:21:10 GMT" time="87.557" errors="0">
  <testcase name="allApplicantApproval" time="87.557" classname="scripts.TestApplicationApproval"/>
</testsuite> <!-- scripts.TestApplicationApproval -->
