<?xml version="1.0" encoding="UTF-8"?>
<!-- Generated by org.testng.reporters.JUnitReportReporter -->
<testsuite hostname="PTD11343" name="scripts.LibraryModule" tests="1" failures="0" timestamp="21 Jul 2016 11:08:02 GMT" time="429.996" errors="0">
  <testcase name="testLibrary" time="429.996" classname="scripts.LibraryModule"/>
</testsuite> <!-- scripts.LibraryModule -->
